MyMishnaApp/app/build/intermediates/manifest_merge_blame_file/debug/manifest-merger-blame-debug-report.txt
1<?xml version="1.0" encoding="utf-8"?>
2<manifest xmlns:android="http://schemas.android.com/apk/res/android"
3    package="aiv.reem.mymishna"
4    android:versionCode="1"
5    android:versionName="1.0" >
6
7    <uses-sdk
8        android:minSdkVersion="26"
9        android:targetSdkVersion="34" />
10
11    <!-- התראות (Android 13+) -->
12    <uses-permission android:name="android.permission.POST_NOTIFICATIONS" />
12-->src/main/AndroidManifest.xml:5:5-77
12-->src/main/AndroidManifest.xml:5:22-74
13    <!-- הפעלה מחדש לאחר ריסטארט -->
14    <uses-permission android:name="android.permission.RECEIVE_BOOT_COMPLETED" />
14-->src/main/AndroidManifest.xml:7:5-81
14-->src/main/AndroidManifest.xml:7:22-78
15    <!-- תיזמון מדויק -->
16    <uses-permission android:name="android.permission.SCHEDULE_EXACT_ALARM" />
16-->src/main/AndroidManifest.xml:9:5-79
16-->src/main/AndroidManifest.xml:9:22-76
17    <uses-permission android:name="android.permission.USE_EXACT_ALARM" />
17-->src/main/AndroidManifest.xml:10:5-74
17-->src/main/AndroidManifest.xml:10:22-71
18
19    <permission
19-->[androidx.core:core:1.12.0] AndroidManifest.xml:22:5-24:47
20        android:name="aiv.reem.mymishna.DYNAMIC_RECEIVER_NOT_EXPORTED_PERMISSION"
20-->[androidx.core:core:1.12.0] AndroidManifest.xml:23:9-81
21        android:protectionLevel="signature" />
21-->[androidx.core:core:1.12.0] AndroidManifest.xml:24:9-44
22
23    <uses-permission android:name="aiv.reem.mymishna.DYNAMIC_RECEIVER_NOT_EXPORTED_PERMISSION" />
23-->[androidx.core:core:1.12.0] AndroidManifest.xml:26:5-97
23-->[androidx.core:core:1.12.0] AndroidManifest.xml:26:22-94
24
25    <application
25-->src/main/AndroidManifest.xml:12:5-49:19
26        android:allowBackup="true"
26-->src/main/AndroidManifest.xml:13:9-35
27        android:appComponentFactory="androidx.core.app.CoreComponentFactory"
27-->[androidx.core:core:1.12.0] AndroidManifest.xml:28:18-86
28        android:dataExtractionRules="@xml/data_extraction_rules"
28-->src/main/AndroidManifest.xml:19:9-65
29        android:debuggable="true"
30        android:extractNativeLibs="false"
31        android:fullBackupContent="@xml/backup_rules"
31-->src/main/AndroidManifest.xml:20:9-54
32        android:icon="@mipmap/ic_launcher"
32-->src/main/AndroidManifest.xml:14:9-43
33        android:label="@string/app_name"
33-->src/main/AndroidManifest.xml:15:9-41
34        android:roundIcon="@mipmap/ic_launcher_round"
34-->src/main/AndroidManifest.xml:16:9-54
35        android:supportsRtl="true"
35-->src/main/AndroidManifest.xml:17:9-35
36        android:theme="@style/Theme.MyMishna" >
36-->src/main/AndroidManifest.xml:18:9-46
37
38        <!-- מסך ראשי — WebView -->
39        <activity
39-->src/main/AndroidManifest.xml:23:9-32:20
40            android:name="aiv.reem.mymishna.MainActivity"
40-->src/main/AndroidManifest.xml:24:13-41
41            android:configChanges="orientation|screenSize|keyboardHidden"
41-->src/main/AndroidManifest.xml:26:13-74
42            android:exported="true"
42-->src/main/AndroidManifest.xml:25:13-36
43            android:windowSoftInputMode="adjustResize" >
43-->src/main/AndroidManifest.xml:27:13-55
44            <intent-filter>
44-->src/main/AndroidManifest.xml:28:13-31:29
45                <action android:name="android.intent.action.MAIN" />
45-->src/main/AndroidManifest.xml:29:17-69
45-->src/main/AndroidManifest.xml:29:25-66
46
47                <category android:name="android.intent.category.LAUNCHER" />
47-->src/main/AndroidManifest.xml:30:17-77
47-->src/main/AndroidManifest.xml:30:27-74
48            </intent-filter>
49        </activity>
50
51        <!-- מקבל ה-Alarm (שולח את ההתראה) -->
52        <receiver
52-->src/main/AndroidManifest.xml:35:9-37:40
53            android:name="aiv.reem.mymishna.ReminderReceiver"
53-->src/main/AndroidManifest.xml:36:13-45
54            android:exported="false" />
54-->src/main/AndroidManifest.xml:37:13-37
55
56        <!-- מקבל Boot (מחזיר את ה-Alarm אחרי ריסטארט) -->
57        <receiver
57-->src/main/AndroidManifest.xml:40:9-47:20
58            android:name="aiv.reem.mymishna.BootReceiver"
58-->src/main/AndroidManifest.xml:41:13-41
59            android:exported="true" >
59-->src/main/AndroidManifest.xml:42:13-36
60            <intent-filter>
60-->src/main/AndroidManifest.xml:43:13-46:29
61                <action android:name="android.intent.action.BOOT_COMPLETED" />
61-->src/main/AndroidManifest.xml:44:17-79
61-->src/main/AndroidManifest.xml:44:25-76
62                <action android:name="android.intent.action.MY_PACKAGE_REPLACED" />
62-->src/main/AndroidManifest.xml:45:17-84
62-->src/main/AndroidManifest.xml:45:25-81
63            </intent-filter>
64        </receiver>
65
66        <provider
66-->[androidx.emoji2:emoji2:1.2.0] AndroidManifest.xml:24:9-32:20
67            android:name="androidx.startup.InitializationProvider"
67-->[androidx.emoji2:emoji2:1.2.0] AndroidManifest.xml:25:13-67
68            android:authorities="aiv.reem.mymishna.androidx-startup"
68-->[androidx.emoji2:emoji2:1.2.0] AndroidManifest.xml:26:13-68
69            android:exported="false" >
69-->[androidx.emoji2:emoji2:1.2.0] AndroidManifest.xml:27:13-37
70            <meta-data
70-->[androidx.emoji2:emoji2:1.2.0] AndroidManifest.xml:29:13-31:52
71                android:name="androidx.emoji2.text.EmojiCompatInitializer"
71-->[androidx.emoji2:emoji2:1.2.0] AndroidManifest.xml:30:17-75
72                android:value="androidx.startup" />
72-->[androidx.emoji2:emoji2:1.2.0] AndroidManifest.xml:31:17-49
73            <meta-data
73-->[androidx.lifecycle:lifecycle-process:2.4.1] AndroidManifest.xml:31:13-33:52
74                android:name="androidx.lifecycle.ProcessLifecycleInitializer"
74-->[androidx.lifecycle:lifecycle-process:2.4.1] AndroidManifest.xml:32:17-78
75                android:value="androidx.startup" />
75-->[androidx.lifecycle:lifecycle-process:2.4.1] AndroidManifest.xml:33:17-49
76        </provider>
77    </application>
78
79</manifest>